npm warn Unknown global config "--init.module". This will stop working in the next major version of npm.

> openclaw-bot-review@1.0.0 dev
> next dev

▲ Next.js 16.1.6 (Turbopack)
- Local:         http://localhost:3000
- Network:       http://10.7.0.14:3000
- Environments: .env.local

✓ Starting...
⚠ The "middleware" file convention is deprecated. Please use "proxy" instead. Learn more: https://nextjs.org/docs/messages/middleware-to-proxy
✓ Ready in 1621ms
 GET /api/agent-activity 200 in 473ms (compile: 233ms, proxy.ts: 69ms, render: 171ms)
 GET /api/agent-activity 200 in 478ms (compile: 244ms, proxy.ts: 72ms, render: 162ms)
 GET /api/agent-activity 200 in 57ms (compile: 3ms, proxy.ts: 5ms, render: 49ms)
 GET /api/config 200 in 386ms (compile: 105ms, proxy.ts: 5ms, render: 276ms)
 GET /api/agent-activity 200 in 445ms (compile: 4ms, proxy.ts: 4ms, render: 437ms)
 GET /api/gateway-health 200 in 666ms (compile: 61ms, proxy.ts: 5ms, render: 600ms)
 GET /api/agent-activity 200 in 53ms (compile: 2ms, proxy.ts: 3ms, render: 48ms)
 GET /api/agent-activity 200 in 63ms (compile: 2ms, proxy.ts: 3ms, render: 58ms)
 GET /api/agent-activity 200 in 61ms (compile: 3ms, proxy.ts: 5ms, render: 53ms)
⚠ Cross origin request detected from agent.50lw.com to /_next/* resource. In a future major version of Next.js, you will need to explicitly configure "allowedDevOrigins" in next.config to allow this.
Read more: https://nextjs.org/docs/app/api-reference/config/next-config-js/allowedDevOrigins
 GET /api/agent-activity 200 in 88ms (compile: 3ms, proxy.ts: 3ms, render: 81ms)
 GET /pixel-office 200 in 1204ms (compile: 915ms, proxy.ts: 4ms, render: 285ms)
 GET /api/gateway-health 200 in 31ms (compile: 10ms, proxy.ts: 2ms, render: 19ms)
 GET /api/pixel-office/layout 200 in 74ms (compile: 66ms, proxy.ts: 3ms, render: 5ms)
 GET /api/alerts 200 in 161ms (compile: 153ms, proxy.ts: 4ms, render: 4ms)
 GET /api/activity-heatmap 200 in 511ms (compile: 182ms, proxy.ts: 3ms, render: 325ms)
 GET /api/config 200 in 19ms (compile: 11ms, proxy.ts: 4ms, render: 4ms)
 GET /api/pixel-office/idle-rank 200 in 226ms (compile: 72ms, proxy.ts: 9ms, render: 145ms)
 GET /api/pixel-office/version 200 in 734ms (compile: 497ms, proxy.ts: 36ms, render: 201ms)
 GET /api/gateway-health 200 in 15ms (compile: 6ms, proxy.ts: 3ms, render: 7ms)
 GET /api/pixel-office/contributions 200 in 813ms (compile: 82ms, proxy.ts: 11ms, render: 720ms)
 GET /api/agent-activity 200 in 318ms (compile: 9ms, proxy.ts: 11ms, render: 298ms)
 GET /api/agent-activity 200 in 52ms (compile: 3ms, proxy.ts: 1998µs, render: 48ms)
 GET /assets/pixel-office/characters/char_9.png 404 in 135ms (compile: 70ms, proxy.ts: 3ms, render: 62ms)
 GET /api/agent-activity 200 in 189ms (compile: 3ms, proxy.ts: 2ms, render: 183ms)
 GET /icon?becb2170ee20ca1a 200 in 176ms (compile: 40ms, proxy.ts: 3ms, render: 133ms)
 GET /api/agent-activity 200 in 48ms (compile: 2ms, proxy.ts: 3ms, render: 44ms)
 GET /api/agent-activity 200 in 47ms (compile: 1764µs, proxy.ts: 2ms, render: 43ms)
 GET /api/agent-activity 200 in 52ms (compile: 2ms, proxy.ts: 2ms, render: 47ms)
 GET /api/agent-activity 200 in 46ms (compile: 1979µs, proxy.ts: 2ms, render: 41ms)
 GET /api/agent-activity 200 in 46ms (compile: 1921µs, proxy.ts: 2ms, render: 42ms)
 GET /api/agent-activity 200 in 151ms (compile: 2ms, proxy.ts: 2ms, render: 146ms)
 GET /api/agent-activity 200 in 47ms (compile: 2ms, proxy.ts: 3ms, render: 42ms)
 GET /api/gateway-health 200 in 22ms (compile: 5ms, proxy.ts: 2ms, render: 15ms)
 GET /api/agent-activity 200 in 59ms (compile: 7ms, proxy.ts: 3ms, render: 49ms)
 GET /api/agent-activity 200 in 45ms (compile: 1862µs, proxy.ts: 2ms, render: 41ms)
 GET /api/agent-activity 200 in 48ms (compile: 1900µs, proxy.ts: 2ms, render: 43ms)
 GET /api/agent-activity 200 in 48ms (compile: 3ms, proxy.ts: 2ms, render: 44ms)
 GET /api/agent-activity 200 in 46ms (compile: 2ms, proxy.ts: 2ms, render: 41ms)
 GET /api/agent-activity 200 in 47ms (compile: 1903µs, proxy.ts: 2ms, render: 43ms)
 GET /api/agent-activity 200 in 49ms (compile: 2ms, proxy.ts: 2ms, render: 44ms)
 GET /api/agent-activity 200 in 73ms (compile: 2ms, proxy.ts: 3ms, render: 68ms)
 GET /api/agent-activity 200 in 50ms (compile: 1967µs, proxy.ts: 3ms, render: 46ms)
 GET /api/agent-activity 200 in 57ms (compile: 1967µs, proxy.ts: 6ms, render: 48ms)
 GET /api/gateway-health 200 in 21ms (compile: 3ms, proxy.ts: 5ms, render: 13ms)
 GET /api/agent-activity 200 in 89ms (compile: 4ms, proxy.ts: 3ms, render: 83ms)
 GET /api/agent-activity 200 in 50ms (compile: 2ms, proxy.ts: 3ms, render: 46ms)
 GET /api/agent-activity 200 in 50ms (compile: 1941µs, proxy.ts: 2ms, render: 46ms)
 GET /api/agent-activity 200 in 115ms (compile: 1798µs, proxy.ts: 2ms, render: 111ms)
 GET /api/agent-activity 200 in 51ms (compile: 2ms, proxy.ts: 2ms, render: 47ms)
 GET /api/agent-activity 200 in 48ms (compile: 2ms, proxy.ts: 3ms, render: 43ms)
 GET /api/agent-activity 200 in 50ms (compile: 2ms, proxy.ts: 2ms, render: 46ms)
 GET /api/agent-activity 200 in 49ms (compile: 1881µs, proxy.ts: 2ms, render: 45ms)
 GET /api/agent-activity 200 in 127ms (compile: 1968µs, proxy.ts: 3ms, render: 122ms)
 GET /api/agent-activity 200 in 55ms (compile: 3ms, proxy.ts: 3ms, render: 49ms)
 GET /api/config 200 in 181ms (compile: 5ms, proxy.ts: 5ms, render: 171ms)
 GET /api/gateway-health 200 in 196ms (compile: 5ms, proxy.ts: 2ms, render: 189ms)
 GET /api/agent-activity 200 in 237ms (compile: 8ms, proxy.ts: 2ms, render: 226ms)
 GET /api/agent-activity 200 in 66ms (compile: 2ms, proxy.ts: 2ms, render: 61ms)
 GET /api/agent-activity 200 in 57ms (compile: 3ms, proxy.ts: 3ms, render: 51ms)
 GET /api/agent-activity 200 in 50ms (compile: 2ms, proxy.ts: 2ms, render: 46ms)
 GET /api/agent-activity 200 in 51ms (compile: 2ms, proxy.ts: 2ms, render: 46ms)
 GET /api/agent-activity 200 in 51ms (compile: 2ms, proxy.ts: 3ms, render: 46ms)
 GET /api/agent-activity 200 in 51ms (compile: 3ms, proxy.ts: 2ms, render: 45ms)
 GET /api/agent-activity 200 in 51ms (compile: 2ms, proxy.ts: 2ms, render: 46ms)
 GET /api/agent-activity 200 in 52ms (compile: 2ms, proxy.ts: 2ms, render: 47ms)
 GET /api/agent-activity 200 in 144ms (compile: 1949µs, proxy.ts: 2ms, render: 139ms)
 GET /api/gateway-health 200 in 18ms (compile: 2ms, proxy.ts: 5ms, render: 10ms)
 GET /api/agent-activity 200 in 62ms (compile: 4ms, proxy.ts: 3ms, render: 55ms)
 GET /api/agent-activity 200 in 46ms (compile: 2ms, proxy.ts: 2ms, render: 42ms)
 GET /api/agent-activity 200 in 48ms (compile: 1971µs, proxy.ts: 2ms, render: 43ms)
 GET /api/agent-activity 200 in 47ms (compile: 1914µs, proxy.ts: 3ms, render: 42ms)
 GET /api/agent-activity 200 in 45ms (compile: 2ms, proxy.ts: 2ms, render: 41ms)
 GET /api/agent-activity 200 in 46ms (compile: 1875µs, proxy.ts: 2ms, render: 42ms)
 GET /api/agent-activity 200 in 45ms (compile: 1788µs, proxy.ts: 1908µs, render: 41ms)
